<?xml version="1.0" encoding="UTF-8" ?>
<testsuite errors="0" failures="0" hostname="archlinux" name="dao.DaoDesempenhoIT" skipped="0" tests="4" time="2.395" timestamp="2019-06-18T01:04:12">
  <properties>
[...]
</properties>
  <testcase classname="dao.DaoDesempenhoIT" name="testExcluir" time="1.315" />
  <testcase classname="dao.DaoDesempenhoIT" name="testAtualizar" time="0.154" />
  <testcase classname="dao.DaoDesempenhoIT" name="testBuscar" time="0.096" />
  <testcase classname="dao.DaoDesempenhoIT" name="testInserir" time="0.182" />
  <system-out><![CDATA[excluir-Desempenho
atualizar-Desempenho
buscar-Desempenho
inserir-Desempenho
]]></system-out>
  <system-err><![CDATA[]]></system-err>
</testsuite>
